<?xml version="1.0" encoding="UTF-8"?>
<!-- Generated by org.testng.reporters.JUnitReportReporter -->
<testsuite hostname="Naveen" failures="0" tests="1" name="demo1.TestScenario3" time="14.452" errors="0" timestamp="2024-01-10T16:24:52 IST" skipped="0">
  <testcase classname="demo1.TestScenario3" name="formSubmit" time="14.452"/>
</testsuite> <!-- demo1.TestScenario3 -->
